[21.08.18 11:24:16] SUCCESS VLemon[268476599] admin_admin
[21.08.18 11:24:37] SUCCESS VLemon[268476599] admin_gmshop
[21.08.18 11:24:41] SUCCESS VLemon[268476599] admin_show_html gmshop/weapons.htm
[21.08.18 11:24:42] SUCCESS VLemon[268476599] admin_show_html gmshop/sgradew.htm
[21.08.18 11:24:44] SUCCESS VLemon[268476599] admin_buy 9279
[21.08.18 11:27:41] SUCCESS VLemon[268476599] -> VLemon[268476599] admin_gmspeed 4
[21.08.18 11:31:06] SUCCESS VLemon[268476599] admin_admin
[21.08.18 11:32:08] SUCCESS VLemon[268476599] admin_show_spawns
[21.08.18 11:32:25] SUCCESS VLemon[268476599] -> VLemon[268476599] admin_spawn_monster 40013
[21.08.18 11:33:03] SUCCESS VLemon[268476599] -> VLemon[268476599] admin_admin
[21.08.18 11:33:06] SUCCESS VLemon[268476599] -> VLemon[268476599] admin_show_spawns
[21.08.18 11:33:09] SUCCESS VLemon[268476599] -> VLemon[268476599] admin_spawn_monster 40025
[21.08.18 11:34:10] SUCCESS VLemon[268476599] -> VLemon[268476599] admin_admin
[21.08.18 11:34:12] SUCCESS VLemon[268476599] -> VLemon[268476599] admin_show_spawns
[21.08.18 11:34:15] SUCCESS VLemon[268476599] -> VLemon[268476599] admin_spawn_monster 40010
[21.08.18 11:34:24] SUCCESS VLemon[268476599] -> VLemon[268476599] admin_admin
[21.08.18 11:34:26] SUCCESS VLemon[268476599] -> VLemon[268476599] admin_show_spawns
[21.08.18 11:34:30] SUCCESS VLemon[268476599] -> VLemon[268476599] admin_spawn_monster 40010
[21.08.18 11:35:34] SUCCESS VLemon[268476599] -> VLemon[268476599] admin_admin
[21.08.18 11:35:41] SUCCESS VLemon[268476599] -> VLemon[268476599] admin_itemcreate
[21.08.18 11:35:45] SUCCESS VLemon[268476599] -> VLemon[268476599] admin_create_item 57 121232121
[21.08.18 11:38:52] SUCCESS VLemon[268476599] -> 40013 Item Mall admin_admin
[21.08.18 11:39:03] SUCCESS VLemon[268476599] -> 40013 Item Mall admin_show_moves
[21.08.18 11:39:29] SUCCESS VLemon[268476599] admin_move_to 82224 148606 -3472
[21.08.18 12:09:42] SUCCESS VLemon[268476599] -> VLemon[268476599] admin_admin
[21.08.18 12:09:46] SUCCESS VLemon[268476599] -> VLemon[268476599] admin_invis
[21.08.18 12:10:28] SUCCESS VLemon[268476599] -> VLemon[268476599] admin_gmspeed 4
[21.08.18 12:10:34] SUCCESS VLemon[268476599] -> 20551 Road Scavenger admin_admin
