[12.10.19 04:26:04:106]  INFO gameserver.GameServer: =================================================
[12.10.19 04:26:04:108]  INFO gameserver.GameServer: Revision: ................ exported
[12.10.19 04:26:04:109]  INFO gameserver.GameServer: Build date: .............. 2018.07.19 16:26
[12.10.19 04:26:04:109]  INFO gameserver.GameServer: Compiler version: ........ 1.8.0_171-b11 (Oracle Corporation)
[12.10.19 04:26:04:109]  INFO gameserver.GameServer: =================================================
[12.10.19 04:26:04:270]  INFO chat.ChatFilters: ChatFilters: loaded 3 filter(s).
[12.10.19 04:26:04:547]  INFO db.BaseDataConnectionFactory: DatabaseFactory: Database connection tested and working.
[12.10.19 04:26:04:551]  INFO idfactory.IdFactory: IdFactory: Clear characters online status.
[12.10.19 04:26:04:557]  INFO idfactory.IdFactory: IdFactory: Extracted total 0 used id's.
[12.10.19 04:26:04:558]  INFO idfactory.BitSetIDFactory: IdFactory: 102912 id's available.
[12.10.19 04:26:05:109]  INFO scripts.Scripts: Scripts: Loading...
[12.10.19 04:26:05:451]  INFO scripts.Scripts: Scripts: Loaded 709 classes.
[12.10.19 04:26:05:453]  INFO scripts.Scripts: Extensions: Loading...
[12.10.19 04:26:05:477]  INFO scripts.Scripts: Extensions: Loaded 32 extension classes.
[12.10.19 04:26:05:499]  INFO utils.Strings: Loaded 418 translit entries.
[12.10.19 04:26:05:501]  INFO gameserver.GameTimeController: GameTimeController: initialized. Current time is 8:36 in the day.
[12.10.19 04:26:05:502]  INFO model.World: World Build: Creating regions: [192][272][32].
[12.10.19 04:26:13:883]  INFO htm.HtmCache: HtmCache: parsing 16078 documents; lang: ENGLISH.
[12.10.19 04:26:13:884]  INFO htm.HtmCache: HtmCache: parsing 11748 documents; lang: RUSSIAN.
[12.10.19 04:26:13:909]  INFO data.StringHolder: StringHolder: load strings: 1690 for lang: RUSSIAN
[12.10.19 04:26:13:909]  INFO data.StringHolder: StringHolder: load strings: 1711 for lang: ENGLISH
[12.10.19 04:26:14:344]  INFO holder.EnchantSkillHolder: EnchantSkillHolder: loaded 258 enchant skill(s) count.
[12.10.19 04:26:14:351]  INFO skills.SkillsEngine: Loading skills from 1-99.xml ...
[12.10.19 04:26:14:837]  INFO skills.SkillsEngine: Loading skills from 100-199.xml ...
[12.10.19 04:26:14:939]  INFO skills.SkillsEngine: Loading skills from 200-299.xml ...
[12.10.19 04:26:15:106]  INFO skills.SkillsEngine: Loading skills from 300-399.xml ...
[12.10.19 04:26:15:203]  INFO skills.SkillsEngine: Loading skills from 400-499.xml ...
[12.10.19 04:26:15:322]  INFO skills.SkillsEngine: Loading skills from 1000-1099.xml ...
[12.10.19 04:26:15:461]  INFO skills.SkillsEngine: Loading skills from 1100-1199.xml ...
[12.10.19 04:26:15:538]  INFO skills.SkillsEngine: Loading skills from 1200-1299.xml ...
[12.10.19 04:26:15:680]  INFO skills.SkillsEngine: Loading skills from 1300-1399.xml ...
[12.10.19 04:26:15:750]  INFO skills.SkillsEngine: Loading skills from 1400-1499.xml ...
[12.10.19 04:26:15:787]  INFO skills.SkillsEngine: Loading skills from 2000-2099.xml ...
[12.10.19 04:26:15:807]  INFO skills.SkillsEngine: Loading skills from 2100-2199.xml ...
[12.10.19 04:26:15:825]  INFO skills.SkillsEngine: Loading skills from 2200-2299.xml ...
[12.10.19 04:26:15:851]  INFO skills.SkillsEngine: Loading skills from 2300-2399.xml ...
[12.10.19 04:26:15:863]  INFO skills.SkillsEngine: Loading skills from 2500-2599.xml ...
[12.10.19 04:26:15:878]  INFO skills.SkillsEngine: Loading skills from 3000-3099.xml ...
[12.10.19 04:26:15:907]  INFO skills.SkillsEngine: Loading skills from 3100-3199.xml ...
[12.10.19 04:26:15:943]  INFO skills.SkillsEngine: Loading skills from 3200-3299.xml ...
[12.10.19 04:26:15:970]  INFO skills.SkillsEngine: Loading skills from 3400-3499.xml ...
[12.10.19 04:26:15:988]  INFO skills.SkillsEngine: Loading skills from 3500-3599.xml ...
[12.10.19 04:26:16:001]  INFO skills.SkillsEngine: Loading skills from 3600-3699.xml ...
[12.10.19 04:26:16:010]  INFO skills.SkillsEngine: Loading skills from 3700-3799.xml ...
[12.10.19 04:26:16:024]  INFO skills.SkillsEngine: Loading skills from 3800-3899.xml ...
[12.10.19 04:26:16:034]  INFO skills.SkillsEngine: Loading skills from 3900-3999.xml ...
[12.10.19 04:26:16:041]  INFO skills.SkillsEngine: Loading skills from 4000-4099.xml ...
[12.10.19 04:26:16:072]  INFO skills.SkillsEngine: Loading skills from 4100-4199.xml ...
[12.10.19 04:26:16:101]  INFO skills.SkillsEngine: Loading skills from 4200-4299.xml ...
[12.10.19 04:26:16:126]  INFO skills.SkillsEngine: Loading skills from 4300-4399.xml ...
[12.10.19 04:26:16:145]  INFO skills.SkillsEngine: Loading skills from 4400-4499.xml ...
[12.10.19 04:26:16:166]  INFO skills.SkillsEngine: Loading skills from 4500-4599.xml ...
[12.10.19 04:26:16:185]  INFO skills.SkillsEngine: Loading skills from 4600-4699.xml ...
[12.10.19 04:26:16:208]  INFO skills.SkillsEngine: Loading skills from 4700-4799.xml ...
[12.10.19 04:26:16:250]  INFO skills.SkillsEngine: Loading skills from 4800-4899.xml ...
[12.10.19 04:26:16:261]  INFO skills.SkillsEngine: Loading skills from 4900-4999.xml ...
[12.10.19 04:26:16:271]  INFO skills.SkillsEngine: Loading skills from 5000-5099.xml ...
[12.10.19 04:26:16:292]  INFO skills.SkillsEngine: Loading skills from 5100-5199.xml ...
[12.10.19 04:26:16:316]  INFO skills.SkillsEngine: Loading skills from 5200-5299.xml ...
[12.10.19 04:26:16:334]  INFO skills.SkillsEngine: Loading skills from 5300-5399.xml ...
[12.10.19 04:26:16:362]  INFO skills.SkillsEngine: Loading skills from 5400-5499.xml ...
[12.10.19 04:26:16:377]  INFO skills.SkillsEngine: Loading skills from 5500-5599.xml ...
[12.10.19 04:26:16:388]  INFO skills.SkillsEngine: Loading skills from 5600-5699.xml ...
[12.10.19 04:26:16:405]  INFO skills.SkillsEngine: Loading skills from 5700-5799.xml ...
[12.10.19 04:26:16:426]  INFO skills.SkillsEngine: Loading skills from 5800-5899.xml ...
[12.10.19 04:26:16:442]  INFO skills.SkillsEngine: Loading skills from 5900-5999.xml ...
[12.10.19 04:26:16:456]  INFO skills.SkillsEngine: Loading skills from 6000-6099.xml ...
[12.10.19 04:26:16:469]  INFO skills.SkillsEngine: Loading skills from 6100-6199.xml ...
[12.10.19 04:26:16:480]  INFO skills.SkillsEngine: Loading skills from 6200-6299.xml ...
[12.10.19 04:26:16:488]  INFO skills.SkillsEngine: Loading skills from 6300-6399.xml ...
[12.10.19 04:26:16:496]  INFO skills.SkillsEngine: Loading skills from 6400-6499.xml ...
[12.10.19 04:26:16:507]  INFO skills.SkillsEngine: Loading skills from 6500-6599.xml ...
[12.10.19 04:26:16:547]  INFO skills.SkillsEngine: Loading skills from 6600-6699.xml ...
[12.10.19 04:26:16:570]  INFO skills.SkillsEngine: Loading skills from 6700-6799.xml ...
[12.10.19 04:26:16:579]  INFO skills.SkillsEngine: Loading skills from 6800-6899.xml ...
[12.10.19 04:26:16:591]  INFO skills.SkillsEngine: Loading skills from 6900-6999.xml ...
[12.10.19 04:26:16:595]  INFO skills.SkillsEngine: Loading skills from 7000-7099.xml ...
[12.10.19 04:26:16:603]  INFO skills.SkillsEngine: Loading skills from 9000-9099.xml ...
[12.10.19 04:26:16:605]  INFO skills.SkillsEngine: Loading skills from 90000-90099.xml ...
[12.10.19 04:26:16:607]  INFO skills.SkillsEngine: SkillsEngine: Loaded 5062 skill templates from XML files. Max id: 90053, max level: 170
[12.10.19 04:26:17:217]  INFO holder.OptionDataHolder: OptionDataHolder: loaded 16380 option data(s) count.
[12.10.19 04:26:17:985]  INFO holder.ItemHolder: ItemHolder: loaded 9207 item(s) count.
[12.10.19 04:26:17:995]  INFO holder.VariationGroupHolder: VariationGroupHolder: loaded 400 variation group(s) count.
[12.10.19 04:26:18:059]  INFO holder.VariationChanceHolder: VariationChanceHolder: loaded 40 variation chance(s) count.
[12.10.19 04:26:19:678]  INFO holder.NpcHolder: NpcHolder: loaded 6525 npc(s) count.
[12.10.19 04:26:19:694]  INFO instancemanager.MapRegionManager: MapRegionManager: loaded 204 map region manager(s) count.
[12.10.19 04:26:19:727]  INFO instancemanager.MapRegionManager: MapRegionManager: loaded 204 map region manager(s) count.
[12.10.19 04:26:19:734]  INFO holder.StaticObjectHolder: StaticObjectHolder: loaded 29 static object(s) count.
[12.10.19 04:26:19:880]  INFO holder.DoorHolder: DoorHolder: loaded 551 door(s) count.
[12.10.19 04:26:19:957]  INFO holder.ZoneHolder: ZoneHolder: loaded 914 zone(s) count.
[12.10.19 04:26:20:586]  INFO holder.SpawnHolder: SpawnHolder: loaded 28523 spawn(s) count.
[12.10.19 04:26:20:607]  INFO holder.InstantZoneHolder: InstantZoneHolder: loaded 9 instant zone(s) count.
[12.10.19 04:26:21:312]  INFO holder.SkillAcquireHolder: SkillAcquireHolder: load 45663 normal learns for 89 classes.
[12.10.19 04:26:21:313]  INFO holder.SkillAcquireHolder: SkillAcquireHolder: load 553 fishing learns for 5 races.
[12.10.19 04:26:21:314]  INFO holder.SkillAcquireHolder: SkillAcquireHolder: load 64 pledge learns.
[12.10.19 04:26:21:428]  INFO holder.ResidenceHolder: ResidenceHolder: total size: 53
[12.10.19 04:26:21:429]  INFO holder.ResidenceHolder: ResidenceHolder:  - load 9 castle(s).
[12.10.19 04:26:21:430]  INFO holder.ResidenceHolder: ResidenceHolder:  - load 44 clanhall(s).
[12.10.19 04:26:21:522]  INFO instancemanager.RaidBossSpawnManager: RaidBossSpawnManager: Loaded 0 Statuses
[12.10.19 04:26:21:568]  INFO entity.SevenSigns: SevenSigns: Currently in the Competition (Quest Event) period!
[12.10.19 04:26:21:569]  INFO entity.SevenSigns: SevenSigns: The Seal of Avarice remains unclaimed.
[12.10.19 04:26:21:570]  INFO entity.SevenSigns: SevenSigns: The Seal of Gnosis remains unclaimed.
[12.10.19 04:26:21:573]  INFO entity.SevenSigns: SevenSigns: The Seal of Strife remains unclaimed.
[12.10.19 04:26:21:574]  INFO entity.SevenSigns: SevenSigns: The Competition this week, if the trend continue, will end with a tie.
[12.10.19 04:26:21:576]  INFO entity.SevenSigns: SevenSigns: Next period begins in 2 days, 13 hours and 33 mins.
[12.10.19 04:26:21:656]  INFO holder.EventHolder: EventHolder: loaded 66 event(s) count.
[12.10.19 04:26:21:662]  INFO holder.CubicHolder: CubicHolder: loaded 73 cubic(s) count.
[12.10.19 04:26:21:696]  INFO holder.RecipeHolder: RecipeHolder: loaded 870 recipe(s) count.
[12.10.19 04:26:21:790]  INFO holder.BuyListHolder: TradeController: Loaded 4 file(s).
[12.10.19 04:26:21:790]  INFO holder.BuyListHolder: TradeController: Loaded 21101 Items.
[12.10.19 04:26:21:791]  INFO holder.BuyListHolder: TradeController: Loaded 788 Buylists.
[12.10.19 04:26:21:987]  INFO holder.HennaHolder: HennaHolder: loaded 180 henna(s) count.
[12.10.19 04:26:21:994]  INFO holder.EnchantItemHolder: EnchantItemHolder: load 30 enchant item(s).
[12.10.19 04:26:21:998]  INFO holder.SoulCrystalHolder: SoulCrystalHolder: loaded 39 soul crystal(s) count.
[12.10.19 04:26:22:003]  INFO holder.ArmorSetsHolder: ArmorSetsHolder: loaded 55 armor sets(s) count.
[12.10.19 04:26:22:016]  INFO holder.FishDataHolder: FishDataHolder: load 278 fish(es).
[12.10.19 04:26:22:016]  INFO holder.FishDataHolder: FishDataHolder: load 30 lure(s).
[12.10.19 04:26:22:017]  INFO holder.FishDataHolder: FishDataHolder: load 4 distribution(s).
[12.10.19 04:26:22:027]  INFO holder.CapsuleItemHolder: CapsuleItemHolder: loaded 29 capsule item(s) count.
[12.10.19 04:26:22:031]  INFO cache.CrestCache: CrestCache: Loaded 0 crests
[12.10.19 04:26:22:041]  INFO tables.SkillTreeTable: SkillTreeTable: Loaded 0 enchanted skills.
[12.10.19 04:26:22:083]  INFO tables.CharTemplateTable: CharTemplateTable: Loaded 178 Character Templates.
[12.10.19 04:26:22:176]  INFO tables.PetSkillsTable: PetSkillsTable: Loaded 2711 skills.
[12.10.19 04:26:22:511]  INFO parsers.MoveRouteHolder: MoveRouteHolder: loaded 149 move route(s) count.
[12.10.19 04:26:22:547]  INFO instancemanager.SpawnManager: SpawnManager: spawned 2000 npc for group: ALL
[12.10.19 04:26:22:631]  INFO instancemanager.SpawnManager: SpawnManager: spawned 3000 npc for group: ALL
[12.10.19 04:26:27:819]  INFO instancemanager.SpawnManager: SpawnManager: spawned 110 npc; spawns: 110; group: [guard_of_andreas]
[12.10.19 04:26:28:105]  INFO instancemanager.SpawnManager: SpawnManager: spawned 6000 npc for group: ALL
[12.10.19 04:26:28:478]  INFO instancemanager.SpawnManager: SpawnManager: spawned 8000 npc for group: ALL
[12.10.19 04:26:28:770]  INFO instancemanager.SpawnManager: SpawnManager: spawned 9000 npc for group: ALL
[12.10.19 04:26:28:976]  INFO instancemanager.SpawnManager: SpawnManager: spawned 10000 npc for group: ALL
[12.10.19 04:26:29:421]  INFO instancemanager.SpawnManager: SpawnManager: spawned 12000 npc for group: ALL
[12.10.19 04:26:30:046]  INFO instancemanager.SpawnManager: SpawnManager: spawned 15000 npc for group: ALL
[12.10.19 04:26:30:181]  INFO instancemanager.SpawnManager: SpawnManager: spawned 16000 npc for group: ALL
[12.10.19 04:26:30:694]  INFO instancemanager.SpawnManager: SpawnManager: spawned 20000 npc for group: ALL
[12.10.19 04:26:31:232]  INFO instancemanager.SpawnManager: SpawnManager: spawned 24000 npc for group: ALL
[12.10.19 04:26:32:082]  INFO instancemanager.SpawnManager: SpawnManager: spawned 25000 npc for group: ALL
[12.10.19 04:26:32:238]  INFO instancemanager.SpawnManager: SpawnManager: spawned 26000 npc for group: ALL
[12.10.19 04:26:32:447]  INFO instancemanager.SpawnManager: SpawnManager: spawned 28000 npc for group: ALL
[12.10.19 04:26:32:640]  INFO instancemanager.SpawnManager: SpawnManager: spawned 30476 npc; spawns: 14335; group: ALL
[12.10.19 04:26:32:917]  INFO instancemanager.SpawnManager: SpawnManager: spawned 2000 npc for group: [treasure_box]
[12.10.19 04:26:32:988]  INFO instancemanager.SpawnManager: SpawnManager: spawned 2718 npc; spawns: 2149; group: [treasure_box]
[12.10.19 04:26:32:993]  INFO instancemanager.SpawnManager: SpawnManager: spawned 18 npc; spawns: 18; group: [lotto_manager]
[12.10.19 04:26:32:995]  INFO data.BoatHolder: BoatHolder: loaded 5 boat(s) count.
[12.10.19 04:26:33:012]  INFO data.BoatHolder: BoatHolder: Spawning: RuneGludinBoat
[12.10.19 04:26:33:014]  INFO data.BoatHolder: BoatHolder: Spawning: GiranTalkingIslandBoat
[12.10.19 04:26:33:018]  INFO data.BoatHolder: BoatHolder: Spawning: InnadrilPleasureBoat
[12.10.19 04:26:33:021]  INFO data.BoatHolder: BoatHolder: Spawning: RunePrimevalBoat
[12.10.19 04:26:33:024]  INFO data.BoatHolder: BoatHolder: Spawning: GludinTalkingIslandBoat
[12.10.19 04:26:33:032]  INFO holder.StaticObjectHolder: StaticObjectHolder: spawned: 29 static object(s).
[12.10.19 04:26:33:073]  INFO achievements.Achievements: Achievements: Loaded 0 achievement(s) for 0 category(ies).
[12.10.19 04:26:33:155]  INFO bosses.AntharasManager: AntharasManager: State of Antharas is NOTSPAWN.
[12.10.19 04:26:33:161]  INFO bosses.AntharasManager: AntharasManager: Next spawn date of Antharas is 03:00 01.01.1970.
[12.10.19 04:26:33:171]  INFO bosses.BaiumManager: BaiumManager: State of Baium is NOTSPAWN.
[12.10.19 04:26:33:176]  INFO bosses.BaiumManager: BaiumManager: Next spawn date: 03:00 01.01.1970
[12.10.19 04:26:33:202]  INFO bosses.FourSepulchersSpawn: FourSepulchersManager: Loaded 20 Mysterious-Box spawns.
[12.10.19 04:26:33:321]  INFO bosses.FourSepulchersSpawn: FourSepulchersManager: loaded 716 physical monsters spawns.
[12.10.19 04:26:33:431]  INFO bosses.FourSepulchersSpawn: FourSepulchersManager: loaded 716 magical monsters spawns.
[12.10.19 04:26:33:452]  INFO bosses.FourSepulchersSpawn: FourSepulchersManager: loaded 92 Church of duke monsters spawns.
[12.10.19 04:26:33:474]  INFO bosses.FourSepulchersSpawn: FourSepulchersManager: loaded 68 Emperor's grave NPC spawns.
[12.10.19 04:26:33:478]  INFO bosses.FourSepulchersSpawn: FourSepulchersManager: Spawned Conquerors' Sepulcher Manager
[12.10.19 04:26:33:479]  INFO bosses.FourSepulchersSpawn: FourSepulchersManager: Spawned Emperors' Sepulcher Manager
[12.10.19 04:26:33:481]  INFO bosses.FourSepulchersSpawn: FourSepulchersManager: Spawned Great Sages' Sepulcher Manager
[12.10.19 04:26:33:488]  INFO bosses.FourSepulchersSpawn: FourSepulchersManager: Spawned Judges' Sepulcher Manager
[12.10.19 04:26:33:495]  INFO bosses.FourSepulchersManager: FourSepulchersManager: Beginning in Attack time
[12.10.19 04:26:33:516]  INFO threading.RunnableImpl: Sat Oct 12 04:26:33 MSK 2019 Atk announce scheduled to 30.0 minute of this hour.
[12.10.19 04:26:33:732]  INFO bosses.FrintezzaManager: FrintezzaManager: State of Frintezza is NOTSPAWN.
[12.10.19 04:26:33:733]  INFO bosses.FrintezzaManager: FrintezzaManager: Next spawn date of Frintezza is Thu Jan 01 03:00:00 MSK 1970.
[12.10.19 04:26:33:748]  INFO bosses.SailrenManager: SailrenManager: State of Sailren is NOTSPAWN.
[12.10.19 04:26:33:749]  INFO bosses.SailrenManager: SailrenManager: Next spawn date of Sailren is 03:00 01.01.1970.
[12.10.19 04:26:33:758]  INFO bosses.ValakasManager: ValakasManager: State of Valakas is NOTSPAWN.
[12.10.19 04:26:33:759]  INFO bosses.ValakasManager: ValakasManager: Next spawn date of Valakas is 03:00 01.01.1970.
[12.10.19 04:26:33:763]  INFO Christmas.Christmas: Loaded Event: Christmas [state: deactivated]
[12.10.19 04:26:33:769]  INFO CofferofShadows.CofferofShadows: Loaded Event: Coffer of Shadows [state: deactivated]
[12.10.19 04:26:33:773]  INFO DropEvent.DropEvent: Loaded Event: Drop Event [state: deactivated]
[12.10.19 04:26:33:776]  INFO Finder.Finder: Loaded Event: 'Finder' [state: deactivated]
[12.10.19 04:26:33:779]  INFO GvG.GvG: Loaded Event: GvG [state: deactivated]
[12.10.19 04:26:33:783]  INFO Halloween.Halloween: Loaded Event: 'HalloweenEvent' [state: deactivated]
[12.10.19 04:26:33:785]  INFO Kamaloka.kamaloka: Loaded Event: Kamaloka [state: deactivated]
[12.10.19 04:26:33:786]  INFO PcCafePointsExchange.PcCafePointsExchange: Loaded Event: PcCafePointsExchange [state: deactivated]
[12.10.19 04:26:33:792]  INFO SavingSnowman.SavingSnowman: Loaded Event: SavingSnowman [state: deactivated]
[12.10.19 04:26:33:794]  INFO StraightHands.StraightHands: Loaded Event: StraightHands [state: deactivated]
[12.10.19 04:26:33:798]  INFO TheFallHarvest.TheFallHarvest: Loaded Event: The Fall Harvest [state: deactivated]
[12.10.19 04:26:33:800]  INFO TrickOfTrans.TrickOfTrans: Loaded Event: Trick of Trnasmutation [state: deactivated]
[12.10.19 04:26:33:808]  INFO TvT.TvT: Loaded Event: TvT [state: deactivated]
[12.10.19 04:26:33:815]  INFO TvT2.PvPEvent: PvPEvent: [state: inactive]
[12.10.19 04:26:33:827]  INFO TvTArena.TvTArena1: Loaded Event: TvT Arena 1 [state: deactivated]
[12.10.19 04:26:33:831]  INFO TvTArena.TvTArena2: Loaded Event: TvT Arena 2 [state: deactivated]
[12.10.19 04:26:33:835]  INFO TvTArena.TvTArena3: Loaded Event: TvT Arena 3 [state: deactivated]
[12.10.19 04:26:33:845]  INFO glitmedal.glitmedal: Loaded Event: L2 Medal Collection Event [state: deactivated]
[12.10.19 04:26:33:850]  INFO heart.heart: Loaded Event: Change of Heart[state: deactivated]
[12.10.19 04:26:33:857]  INFO l2day.LettersCollection: Loaded Event: l2day [state: deactivated]
[12.10.19 04:26:33:862]  INFO lastHero.LastHero: Loaded Event: LastHero [state: deactivated]
[12.10.19 04:26:33:916]  INFO tables.FishTable: FishTable: Loaded 278 fishes.
[12.10.19 04:26:33:927]  INFO tables.FishTable: FishTable: Loaded 919 fish rewards.
[12.10.19 04:26:34:021]  INFO tables.PetDataTable: PetDataTable: Loaded 972 pets.
[12.10.19 04:26:34:039]  INFO model.Manor: ManorManager: Loaded 256 seeds
[12.10.19 04:26:34:829]  INFO services.Buffer: Buffer: Loaded 217 buff template(s).
[12.10.19 04:26:34:832]  INFO services.Buffer: Buffer: Loaded 1 buff item(s).
[12.10.19 04:26:34:837]  INFO services.ClanHelperService: ClanHelperService: Disabled
[12.10.19 04:26:34:861]  INFO services.QuestSell: QuestSellService: Loading ...
[12.10.19 04:26:34:878]  INFO services.SupportMagic: SupportMagic: Loaded 14 newbie buff(s).
[12.10.19 04:26:34:905]  INFO community.ClanCommunity: CommunityBoard: Clan Community service loaded.
[12.10.19 04:26:34:909]  INFO community.CommunityBoard: CommunityBoard: service loaded.
[12.10.19 04:26:34:911]  INFO community.ManageFavorites: CommunityBoard: Manage Favorites service loaded.
[12.10.19 04:26:34:915]  INFO community.ManageFriends: CommunityBoard: Manage Friends service loaded.
[12.10.19 04:26:34:919]  INFO community.ManageMemo: CommunityBoard: Manage Memo service loaded.
[12.10.19 04:26:34:924]  INFO community.PrivateMail: CommunityBoard: Private Mail service loaded.
[12.10.19 04:26:34:930]  INFO community.RegionCommunity: CommunityBoard: Region service loaded.
[12.10.19 04:26:34:932]  INFO custom.ACbConfigManager: CommunityBoard: Custom Community Config loaded.
[12.10.19 04:26:34:945]  INFO custom.CommunityServices: CommunityBoard: CommunityServices loaded.
[12.10.19 04:26:34:950]  INFO custom.CommunityTeleport: CommunityBoard: CommunityTeleport loaded.
[12.10.19 04:26:34:968]  INFO zones.AutoBuffZone: AutoBuffZone: Loaded 0 auto buff zone(s).
[12.10.19 04:26:34:971]  INFO zones.ClassIdLimitZone: ClassIdLimitZone: Loaded 0 player class id limit zone(s).
[12.10.19 04:26:34:976]  INFO zones.LevelLimitZone: LevelLimitZone: Loaded 1 player level limit zone(s).
[12.10.19 04:26:34:996]  INFO instancemanager.DimensionalRiftManager: DimensionalRiftManager: Loaded 7 room types with 58 rooms.
[12.10.19 04:26:34:996]  INFO instancemanager.DimensionalRiftManager: DimensionalRiftManager: Loaded 150 dimensional rift spawns, 0 errors.
[12.10.19 04:26:35:019]  INFO games.LotteryManager: Lottery: Starting ticket sell for lottery #1.
[12.10.19 04:26:35:065]  INFO oly.NoblesController: NoblesController: loaded 0 nobleses.
[12.10.19 04:26:35:065]  INFO oly.NoblesController: NoblesController: Computing ranks.
[12.10.19 04:26:35:086]  INFO oly.OlyController: Oly: Generating a new season 1
[12.10.19 04:26:35:140]  INFO oly.OlyController: OlyController: Season 1 started.
[12.10.19 04:26:35:142]  INFO oly.OlyController: OlyController: Season 1 end schedule at 00:00:00 01.11.2019
[12.10.19 04:26:35:146]  INFO oly.OlyController: OlyController: Season 1 nomination schedule at 12:00:00 01.11.2019
[12.10.19 04:26:35:153]  INFO oly.OlyController: OlyController: Season 1 competitions schedule at [;18:00:00 12.10.2019-00:00:00 13.10.2019;18:00:00 13.10.2019-00:00:00 14.10.2019;18:00:00 14.10.2019-00:00:00 15.10.2019;18:00:00 15.10.2019-00:00:00 16.10.2019;18:00:00 16.10.2019-00:00:00 17.10.2019;18:00:00 17.10.2019-00:00:00 18.10.2019;18:00:00 18.10.2019-00:00:00 19.10.2019;18:00:00 19.10.2019-00:00:00 20.10.2019;18:00:00 20.10.2019-00:00:00 21.10.2019;18:00:00 21.10.2019-00:00:00 22.10.2019;18:00:00 22.10.2019-00:00:00 23.10.2019;18:00:00 23.10.2019-00:00:00 24.10.2019;18:00:00 24.10.2019-00:00:00 25.10.2019;18:00:00 25.10.2019-00:00:00 26.10.2019;18:00:00 26.10.2019-00:00:00 27.10.2019;18:00:00 27.10.2019-00:00:00 28.10.2019;18:00:00 28.10.2019-00:00:00 29.10.2019;18:00:00 29.10.2019-00:00:00 30.10.2019;18:00:00 30.10.2019-00:00:00 31.10.2019;18:00:00 31.10.2019-23:55:00 31.10.2019]
[12.10.19 04:26:35:159]  INFO oly.OlyController: OlyController: Season 1 bonuses schedule at [;18:30:00 16.10.2019;18:30:00 23.10.2019;18:30:00 30.10.2019]
[12.10.19 04:26:35:179]  INFO instancemanager.PetitionManager: Initializing PetitionManager
[12.10.19 04:26:35:184]  INFO instancemanager.CoupleManager: Initializing CoupleManager
[12.10.19 04:26:35:189]  INFO instancemanager.CoupleManager: Loaded: 0 couples(s)
[12.10.19 04:26:35:192]  INFO gameserver.GameServer: CoupleManager initialized
[12.10.19 04:26:35:195]  INFO admincommands.AdminCommandHandler: AdminCommandHandler: loaded 373 admin command handler(s) count.
[12.10.19 04:26:35:197]  INFO usercommands.UserCommandHandler: UserCommandHandler: loaded 15 user command handler(s) count.
[12.10.19 04:26:35:232]  INFO voicecommands.VoicedCommandHandler: VoicedCommandHandler: loaded 39 voiced command handler(s) count.
[12.10.19 04:26:35:255]  INFO gameserver.GameServer: =[Events]=========================================
[12.10.19 04:26:35:866]  INFO impl.CastleSiegeEvent: CastleSiegeEvent: Gludio Castle time - 16:00 20.10.2019
[12.10.19 04:26:35:935]  INFO impl.CastleSiegeEvent: CastleSiegeEvent: Dion Castle time - 16:00 20.10.2019
[12.10.19 04:26:36:007]  INFO impl.CastleSiegeEvent: CastleSiegeEvent: Giran Castle time - 20:00 20.10.2019
[12.10.19 04:26:36:085]  INFO impl.CastleSiegeEvent: CastleSiegeEvent: Oren Castle time - 20:00 20.10.2019
[12.10.19 04:26:36:161]  INFO impl.CastleSiegeEvent: CastleSiegeEvent: Aden Castle time - 16:00 20.10.2019
[12.10.19 04:26:36:233]  INFO impl.CastleSiegeEvent: CastleSiegeEvent: Innadril Castle time - 20:00 20.10.2019
[12.10.19 04:26:36:279]  INFO impl.CastleSiegeEvent: CastleSiegeEvent: Goddard Castle time - 20:00 20.10.2019
[12.10.19 04:26:36:335]  INFO impl.CastleSiegeEvent: CastleSiegeEvent: Rune Castle time - 16:00 20.10.2019
[12.10.19 04:26:36:381]  INFO impl.CastleSiegeEvent: CastleSiegeEvent: Schuttgart Castle time - 16:00 20.10.2019
[12.10.19 04:26:36:445]  INFO impl.ClanHallNpcSiegeEvent: ClanHallNpcSiegeEvent: Fortress Of Resistance time - 18:00 14.10.2019
[12.10.19 04:26:36:457]  INFO impl.ClanHallAuctionEvent: ClanHallAuctionEvent: Moonstone Hall time - 15:00 07.10.2019
[12.10.19 04:26:36:469]  INFO impl.ClanHallAuctionEvent: ClanHallAuctionEvent: Onyx Hall time - 15:00 07.10.2019
[12.10.19 04:26:36:480]  INFO impl.ClanHallAuctionEvent: ClanHallAuctionEvent: Topaz Hall time - 15:00 07.10.2019
[12.10.19 04:26:36:490]  INFO impl.ClanHallAuctionEvent: ClanHallAuctionEvent: Ruby Hall time - 15:00 07.10.2019
[12.10.19 04:26:36:502]  INFO impl.ClanHallAuctionEvent: ClanHallAuctionEvent: Crystal Hall time - 15:00 07.10.2019
[12.10.19 04:26:36:514]  INFO impl.ClanHallAuctionEvent: ClanHallAuctionEvent: Onyx Hall time - 15:00 07.10.2019
[12.10.19 04:26:36:527]  INFO impl.ClanHallAuctionEvent: ClanHallAuctionEvent: Sapphire Hall time - 15:00 07.10.2019
[12.10.19 04:26:36:539]  INFO impl.ClanHallAuctionEvent: ClanHallAuctionEvent: Moonstone Hall time - 15:00 07.10.2019
[12.10.19 04:26:36:552]  INFO impl.ClanHallAuctionEvent: ClanHallAuctionEvent: Emerald Hall time - 15:00 07.10.2019
[12.10.19 04:26:36:563]  INFO impl.ClanHallAuctionEvent: ClanHallAuctionEvent: The Atramental Barracks time - 15:00 07.10.2019
[12.10.19 04:26:36:574]  INFO impl.ClanHallAuctionEvent: ClanHallAuctionEvent: The Scarlet Barracks time - 15:00 07.10.2019
[12.10.19 04:26:36:587]  INFO impl.ClanHallAuctionEvent: ClanHallAuctionEvent: The Viridian Barracks time - 15:00 07.10.2019
[12.10.19 04:26:47:242]  INFO impl.ClanHallSiegeEvent: ClanHallSiegeEvent: Devastated Castle time - 18:00 19.10.2019
[12.10.19 04:26:47:260]  INFO impl.ClanHallTeamBattleEvent: ClanHallTeamBattleEvent: Bandit Stronghold time - 22:00 19.10.2019
[12.10.19 04:26:47:281]  INFO impl.ClanHallAuctionEvent: ClanHallAuctionEvent: The Golden Chamber time - 15:00 07.10.2019
[12.10.19 04:26:47:294]  INFO impl.ClanHallAuctionEvent: ClanHallAuctionEvent: The Silver Chamber time - 15:00 07.10.2019
[12.10.19 04:26:47:306]  INFO impl.ClanHallAuctionEvent: ClanHallAuctionEvent: The Mithril Chamber time - 15:00 07.10.2019
[12.10.19 04:26:47:320]  INFO impl.ClanHallAuctionEvent: ClanHallAuctionEvent: Silver Manor time - 15:00 07.10.2019
[12.10.19 04:26:47:332]  INFO impl.ClanHallAuctionEvent: ClanHallAuctionEvent: Gold Manor time - 15:00 07.10.2019
[12.10.19 04:26:47:344]  INFO impl.ClanHallAuctionEvent: ClanHallAuctionEvent: The Bronze Chamber time - 15:00 07.10.2019
[12.10.19 04:26:47:356]  INFO impl.ClanHallAuctionEvent: ClanHallAuctionEvent: The Golden Chamber time - 15:00 07.10.2019
[12.10.19 04:26:47:368]  INFO impl.ClanHallAuctionEvent: ClanHallAuctionEvent: The Silver Chamber time - 15:00 07.10.2019
[12.10.19 04:26:47:380]  INFO impl.ClanHallAuctionEvent: ClanHallAuctionEvent: The Mithril Chamber time - 15:00 07.10.2019
[12.10.19 04:26:47:392]  INFO impl.ClanHallAuctionEvent: ClanHallAuctionEvent: The Bronze Chamber time - 15:00 07.10.2019
[12.10.19 04:26:47:404]  INFO impl.ClanHallAuctionEvent: ClanHallAuctionEvent: Silver Manor time - 15:00 07.10.2019
[12.10.19 04:26:47:415]  INFO impl.ClanHallAuctionEvent: ClanHallAuctionEvent: Moonstone Hall time - 15:00 07.10.2019
[12.10.19 04:26:47:426]  INFO impl.ClanHallAuctionEvent: ClanHallAuctionEvent: Onyx Hall time - 15:00 07.10.2019
[12.10.19 04:26:47:437]  INFO impl.ClanHallAuctionEvent: ClanHallAuctionEvent: Emerald Hall time - 15:00 07.10.2019
[12.10.19 04:26:47:448]  INFO impl.ClanHallAuctionEvent: ClanHallAuctionEvent: Sapphire Hall time - 15:00 07.10.2019
[12.10.19 04:26:47:458]  INFO impl.ClanHallAuctionEvent: ClanHallAuctionEvent: Mont Chamber time - 15:00 07.10.2019
[12.10.19 04:26:47:469]  INFO impl.ClanHallAuctionEvent: ClanHallAuctionEvent: Astaire Chamber time - 15:00 07.10.2019
[12.10.19 04:26:47:482]  INFO impl.ClanHallAuctionEvent: ClanHallAuctionEvent: Aria Chamber time - 15:00 07.10.2019
[12.10.19 04:26:47:493]  INFO impl.ClanHallAuctionEvent: ClanHallAuctionEvent: Yiana Chamber time - 15:00 07.10.2019
[12.10.19 04:26:47:505]  INFO impl.ClanHallAuctionEvent: ClanHallAuctionEvent: Roien Chamber time - 15:00 07.10.2019
[12.10.19 04:26:47:516]  INFO impl.ClanHallAuctionEvent: ClanHallAuctionEvent: Luna Chamber time - 15:00 07.10.2019
[12.10.19 04:26:47:527]  INFO impl.ClanHallAuctionEvent: ClanHallAuctionEvent: Traban Chamber time - 15:00 07.10.2019
[12.10.19 04:26:47:538]  INFO impl.ClanHallAuctionEvent: ClanHallAuctionEvent: Eisen Hall time - 15:00 07.10.2019
[12.10.19 04:26:47:549]  INFO impl.ClanHallAuctionEvent: ClanHallAuctionEvent: Heavy Metal Hall time - 15:00 07.10.2019
[12.10.19 04:26:47:560]  INFO impl.ClanHallAuctionEvent: ClanHallAuctionEvent: Molten Ore Hall time - 15:00 07.10.2019
[12.10.19 04:26:47:572]  INFO impl.ClanHallAuctionEvent: ClanHallAuctionEvent: Titan Hall time - 15:00 07.10.2019
[12.10.19 04:26:47:586]  INFO impl.ClanHallMiniGameEvent: ClanHallMiniGameEvent: Rainbow Springs time - 22:00 19.10.2019
[12.10.19 04:26:47:598]  INFO impl.ClanHallTeamBattleEvent: ClanHallTeamBattleEvent: Wild Beast Reserve time - 21:00 19.10.2019
[12.10.19 04:26:47:612]  INFO impl.ClanHallSiegeEvent: ClanHallSiegeEvent: Fortress of Dead time - 18:00 19.10.2019
[12.10.19 04:26:47:613]  INFO gameserver.GameServer: ==================================================
[12.10.19 04:26:47:620]  INFO instancemanager.CastleManorManager: Manor System: Initializing...
[12.10.19 04:26:47:651]  INFO gameserver.GameServer: IdFactory: Free ObjectID's remaining: 1879010124
[12.10.19 04:26:47:693]  INFO instancemanager.CursedWeaponsManager: CursedWeaponsManager: Loaded 2 cursed weapon(s).
[12.10.19 04:26:47:713]  INFO threading.RunnableImpl: Fishing Championship Manager : start new event period.
[12.10.19 04:26:47:720]  INFO taskmanager.L2TopRuManager: L2TopRuManager: Initializing.
[12.10.19 04:26:47:739]  INFO gameserver.Shutdown: Scheduled server restart in 33m 13s.
[12.10.19 04:26:47:741]  INFO gameserver.GameServer: GameServer Started
[12.10.19 04:26:47:744]  INFO gameserver.GameServer: Maximum Numbers of Connected Players: 3000
[12.10.19 04:26:48:207]  INFO authcomm.AuthServerCommunication: Connecting to authserver on 127.0.0.1:9014
[12.10.19 04:26:48:297]  INFO as2gs.AuthResponse: Registered on authserver as 1 [Bartz]
[12.10.19 04:26:48:319]  INFO instancemanager.SpawnManager: SpawnManager: spawned 444 npc; spawns: 122; group: DAY
[12.10.19 04:26:48:396]  INFO instancemanager.SpawnManager: SpawnManager: spawned 1000 npc for group: [ssq_event]
[12.10.19 04:26:48:529]  INFO instancemanager.SpawnManager: SpawnManager: spawned 2000 npc for group: [ssq_event]
[12.10.19 04:26:48:595]  INFO instancemanager.SpawnManager: SpawnManager: spawned 2612 npc; spawns: 1716; group: [ssq_event]
[12.10.19 04:26:48:596]  INFO gameserver.GameServer: Telnet server is currently disabled.
[12.10.19 04:26:48:603]  INFO gameserver.GameServer: =================================================
[12.10.19 04:26:48:616]  INFO gameserver.GameServer: AllowedMemory: ........... 1365504 KB
[12.10.19 04:26:48:616]  INFO gameserver.GameServer:      Allocated: .......... 1260032 KB (92.276%)
[12.10.19 04:26:48:618]  INFO gameserver.GameServer:      Non-Allocated: ...... 105472 KB (7.724%)
[12.10.19 04:26:48:622]  INFO gameserver.GameServer: AllocatedMemory: ......... 1260032 KB
[12.10.19 04:26:48:632]  INFO gameserver.GameServer:      Used: ............... 628142 KB (46.0008%)
[12.10.19 04:26:48:635]  INFO gameserver.GameServer:      Unused (cached): .... 631889 KB (46.2752%)
[12.10.19 04:26:48:638]  INFO gameserver.GameServer: UseableMemory: ........... 737361 KB (53.9992%)
[12.10.19 04:26:48:640]  INFO gameserver.GameServer: =================================================
[12.10.19 04:27:18:216]  INFO tasks.RestoreOfflineTraders: Restored 0 offline traders
[12.10.19 04:50:33:509]  INFO threading.RunnableImpl: FourSepulchersManager: Entry time: Sat Oct 12 04:55:33 MSK 2019
